2024-11-19 17:40:58 - Mailer setup successful
2024-11-19 17:41:03 - Email sent to 9921004235@klu.ac.in with subject Account Created Successfully
2024-11-20 00:50:50 - Mailer setup successful
2024-11-20 00:50:55 - Email sent to meena.sharma@example.com with subject Welcome to EyeBook!
2024-11-20 00:50:55 - Mailer setup successful
2024-11-20 00:51:01 - Email sent to rajesh.gupta@example.com with subject Welcome to EyeBook!
2024-11-20 00:51:01 - Mailer setup successful
2024-11-20 00:51:07 - Email sent to pooja.reddy@example.com with subject Welcome to EyeBook!
2024-11-20 00:51:07 - Mailer setup successful
2024-11-20 00:51:12 - Email sent to vikram.singh@example.com with subject Welcome to EyeBook!
2024-11-20 00:51:12 - Mailer setup successful
2024-11-20 00:51:17 - Email sent to sneha.iyer@example.com with subject Welcome to EyeBook!
2024-11-20 00:51:17 - Mailer setup successful
2024-11-20 00:51:22 - Email sent to amit.patel@example.com with subject Welcome to EyeBook!
2024-11-20 00:51:22 - Mailer setup successful
2024-11-20 00:51:27 - Email sent to divya.nair@example.com with subject Welcome to EyeBook!
2024-11-20 16:37:44 - Mailer setup successful
2024-11-20 16:37:44 - Email sending failed: Invalid address:  (to): Test
2024-11-20 16:45:03 - Mailer setup successful
2024-11-20 16:45:08 - Email sent to sumanthadm7@gmail.com with subject Welcome to EyeBook!
2024-11-20 16:50:59 - Mailer setup successful
2024-11-20 16:51:04 - Email sent to 9921004197@klu.ac.in with subject Welcome to EyeBook!
2024-11-28 11:03:18 - Mailer setup successful
2024-11-28 11:03:24 - Email sent to saiphanindrapavankumar@gmail.com with subject Welcome to EyeBook!
2024-12-03 08:56:20 - Mailer setup successful
2024-12-03 08:56:26 - Email sent to gsumanth101@gmail.com with subject Password Reset Request
2024-12-03 09:14:16 - Mailer setup successful
2024-12-03 09:14:26 - Email sent to gsumanth101@gmail.com with subject Password Reset Request
2024-12-03 09:24:27 - Mailer setup successful
2024-12-03 09:24:33 - Email sent to gsumanth101@gmail.com with subject Password Reset Request
2025-01-01 18:14:19 - Mailer setup successful
2025-01-01 18:14:24 - Email sent to 99220040972@klu.ac.in with subject Password Reset Successful
